<?xml version="1.0" encoding="UTF-8"?>
<!-- Generated by org.testng.reporters.JUnitReportReporter -->
<testsuite hostname="ASALAMA" failures="0" tests="4" name="tests.AddProducttoCompare" time="20.047" errors="0" timestamp="2021-06-26T19:21:11 EET" skipped="0">
  <testcase classname="tests.AddProducttoCompare" name="UsercanComparebetweenProducts" time="0.607"/>
  <system-out/>
  <testcase classname="tests.AddProducttoCompare" name="UsercansearchUsingAutosuggestForSecondProduct" time="8.824"/>
  <system-out/>
  <testcase classname="tests.AddProducttoCompare" name="UsercansearchUsingAutosuggest" time="9.180"/>
  <system-out/>
  <testcase classname="tests.AddProducttoCompare" name="UsercanClearCompareList" time="1.436"/>
  <system-out/>
</testsuite> <!-- tests.AddProducttoCompare -->
