<?xml version="1.0" encoding="UTF-8"?>
<!-- Generated by org.testng.reporters.JUnitReportReporter -->
<testsuite hostname="ASALAMA" failures="0" tests="4" name="tests.UserRegisterationUsingWithDDTandDataprovider" time="12.306" errors="0" timestamp="2021-06-28T22:21:44 EET" skipped="0">
  <testcase classname="tests.UserRegisterationUsingWithDDTandDataprovider" name="Registerusercanlogin" time="3.046"/>
  <system-out/>
  <testcase classname="tests.UserRegisterationUsingWithDDTandDataprovider" name="Registerusercanlogin" time="3.125"/>
  <system-out/>
  <testcase classname="tests.UserRegisterationUsingWithDDTandDataprovider" name="usercanregistersuccessfully" time="2.404"/>
  <system-out/>
  <testcase classname="tests.UserRegisterationUsingWithDDTandDataprovider" name="usercanregistersuccessfully" time="3.731"/>
  <system-out/>
</testsuite> <!-- tests.UserRegisterationUsingWithDDTandDataprovider -->
