<?xml version="1.0" encoding="UTF-8"?>
<!-- Generated by org.testng.reporters.JUnitReportReporter -->
<testsuite hostname="ASALAMA" failures="0" tests="2" name="tests.ChangeCurrencyTest" time="5.002" errors="0" timestamp="2021-06-24T10:01:30 EET" skipped="0">
  <testcase classname="tests.ChangeCurrencyTest" name="UserCanChossetheCurrency" time="1.020"/>
  <system-out/>
  <testcase classname="tests.ChangeCurrencyTest" name="UsercansearchUsingAutosuggest" time="3.982"/>
  <system-out/>
</testsuite> <!-- tests.ChangeCurrencyTest -->
