<?xml version="1.0" encoding="UTF-8"?>
<!-- Generated by org.testng.reporters.JUnitReportReporter -->
<testsuite hostname="ASALAMA" failures="0" tests="3" name="tests.UserRegisterationPageUsingWithDDTJavafaker" time="8.932" errors="0" timestamp="2021-06-27T20:51:09 EET" skipped="0">
  <testcase classname="tests.UserRegisterationPageUsingWithDDTJavafaker" name="Registerusercanlogout" time="0.859"/>
  <system-out/>
  <testcase classname="tests.UserRegisterationPageUsingWithDDTJavafaker" name="Registerusercanlogin" time="3.736"/>
  <system-out/>
  <testcase classname="tests.UserRegisterationPageUsingWithDDTJavafaker" name="usercanregistersuccessfully" time="4.337"/>
  <system-out/>
</testsuite> <!-- tests.UserRegisterationPageUsingWithDDTJavafaker -->
