<?xml version="1.0" encoding="UTF-8"?>
<!-- Generated by org.testng.reporters.JUnitReportReporter -->
<testsuite hostname="ASALAMA" failures="0" tests="3" name="tests.UserRegisterationPage" time="10.371" errors="0" timestamp="2021-07-06T10:13:04 EET" skipped="0">
  <testcase classname="tests.UserRegisterationPage" name="Registerusercanlogout" time="1.958"/>
  <system-out/>
  <testcase classname="tests.UserRegisterationPage" name="Registerusercanlogin" time="3.586"/>
  <system-out/>
  <testcase classname="tests.UserRegisterationPage" name="usercanregistersuccessfully" time="4.827"/>
  <system-out/>
</testsuite> <!-- tests.UserRegisterationPage -->
