<?xml version="1.0" encoding="UTF-8"?>
<!-- Generated by org.testng.reporters.JUnitReportReporter -->
<testsuite hostname="ASALAMA" failures="0" tests="1" name="tests.UserRegisterationPageWithUsingDDTCVSfile" time="21.147" errors="0" timestamp="2021-06-27T16:25:30 EET" skipped="0">
  <testcase classname="tests.UserRegisterationPageWithUsingDDTCVSfile" name="usercanregistersuccessfully" time="21.147"/>
  <system-out/>
</testsuite> <!-- tests.UserRegisterationPageWithUsingDDTCVSfile -->
