<?xml version="1.0" encoding="UTF-8"?>
<!-- Generated by org.testng.reporters.JUnitReportReporter -->
<testsuite hostname="ASALAMA" failures="0" tests="1" name="tests.SearchProduct" time="3.401" errors="0" timestamp="2021-06-24T10:01:30 EET" skipped="0">
  <testcase classname="tests.SearchProduct" name="Searchonproductname" time="3.401"/>
  <system-out/>
</testsuite> <!-- tests.SearchProduct -->
