<?xml version="1.0" encoding="UTF-8"?>
<!-- Generated by org.testng.reporters.JUnitReportReporter -->
<testsuite hostname="ASALAMA" failures="0" tests="1" name="tests.UserRegisterationPageUsingWithDDTJsonfile" time="7.500" errors="0" timestamp="2021-06-27T19:05:01 EET" skipped="0">
  <testcase classname="tests.UserRegisterationPageUsingWithDDTJsonfile" name="usercanregistersuccessfully" time="7.500"/>
  <system-out/>
</testsuite> <!-- tests.UserRegisterationPageUsingWithDDTJsonfile -->
