<?xml version="1.0" encoding="UTF-8"?>
<!-- Generated by org.testng.reporters.JUnitReportReporter -->
<testsuite hostname="ASALAMA" failures="0" tests="3" name="tests.UserRegisterationUsingWithDDTUsingPropertiesfile" time="9.323" errors="0" timestamp="2021-06-28T18:07:59 EET" skipped="0">
  <testcase classname="tests.UserRegisterationUsingWithDDTUsingPropertiesfile" name="Registerusercanlogout" time="1.613"/>
  <system-out/>
  <testcase classname="tests.UserRegisterationUsingWithDDTUsingPropertiesfile" name="Registerusercanlogin" time="3.813"/>
  <system-out/>
  <testcase classname="tests.UserRegisterationUsingWithDDTUsingPropertiesfile" name="usercanregistersuccessfully" time="3.897"/>
  <system-out/>
</testsuite> <!-- tests.UserRegisterationUsingWithDDTUsingPropertiesfile -->
