<?xml version="1.0" encoding="UTF-8"?>
<!-- Generated by org.testng.reporters.JUnitReportReporter -->
<testsuite hostname="ASALAMA" failures="0" tests="3" name="tests.AddProductReviewTest" time="10.998" errors="0" timestamp="2021-06-24T10:01:30 EET" skipped="0">
  <testcase classname="tests.AddProductReviewTest" name="usercanregistersuccessfully" time="3.285"/>
  <system-out/>
  <testcase classname="tests.AddProductReviewTest" name="UsercansearchUsingAutosuggest" time="5.392"/>
  <system-out/>
  <testcase classname="tests.AddProductReviewTest" name="UsercanAddProductReview" time="2.321"/>
  <system-out/>
</testsuite> <!-- tests.AddProductReviewTest -->
