<?xml version="1.0" encoding="UTF-8"?>
<!-- Generated by org.testng.reporters.JUnitReportReporter -->
<testsuite hostname="ASALAMA" failures="0" tests="3" name="tests.AddProductinWishlist" time="9.011" errors="0" timestamp="2021-06-24T10:01:30 EET" skipped="0">
  <testcase classname="tests.AddProductinWishlist" name="UsercansearchUsingAutosuggest" time="5.940"/>
  <system-out/>
  <testcase classname="tests.AddProductinWishlist" name="UsercansearchAddProducttoWishlist" time="1.767"/>
  <system-out/>
  <testcase classname="tests.AddProductinWishlist" name="UsercansearchRemoveProductFromWishlist" time="1.304"/>
  <system-out/>
</testsuite> <!-- tests.AddProductinWishlist -->
